<?xml version="1.0" encoding="UTF-8"?>
<!-- Generated by org.testng.reporters.JUnitXMLReporter -->
<testsuite ignored="0" hostname="K473LTRV" failures="0" tests="4" name="Default test" time="17.489" errors="0" timestamp="2024-05-30T09:53:26 IST">
  <testcase classname="com.playwright.saucedemo.testcases.ValidLoginTest" name="passingValidCredentials" time="0.194"/>
  <testcase classname="com.playwright.saucedemo.testcases.ValidLoginTest" name="passingValidCredentials" time="0.126"/>
  <testcase classname="com.playwright.saucedemo.testcases.ValidLoginTest" name="passingValidCredentials" time="5.103"/>
  <testcase classname="com.playwright.saucedemo.testcases.ValidLoginTest" name="passingValidCredentials" time="0.105"/>
</testsuite> <!-- Default test -->
