<?xml version="1.0" encoding="UTF-8"?>
<!-- Generated by org.testng.reporters.JUnitXMLReporter -->
<testsuite ignored="0" hostname="K473LTRV" failures="0" tests="4" name="Default test" time="18.506" errors="0" timestamp="2024-05-30T10:24:33 IST">
  <testcase classname="com.playwright.saucedemo.testcases.ValidLoginTest" name="passingValidCredentials" time="0.206"/>
  <testcase classname="com.playwright.saucedemo.testcases.ValidLoginTest" name="passingValidCredentials" time="0.114"/>
  <testcase classname="com.playwright.saucedemo.testcases.ValidLoginTest" name="passingValidCredentials" time="5.152"/>
  <testcase classname="com.playwright.saucedemo.testcases.ValidLoginTest" name="passingValidCredentials" time="0.094"/>
</testsuite> <!-- Default test -->
