<?xml version="1.0" encoding="UTF-8"?>
<testng-results ignored="0" total="4" passed="4" failed="0" skipped="0">
  <reporter-output>
  </reporter-output>
  <suite started-at="2024-05-30T09:53:08 IST" name="Default suite" finished-at="2024-05-30T09:53:26 IST" duration-ms="17489">
    <groups>
    </groups>
    <test started-at="2024-05-30T09:53:08 IST" name="Default test" finished-at="2024-05-30T09:53:26 IST" duration-ms="17489">
      <class name="com.playwright.saucedemo.testcases.ValidLoginTest">
        <test-method is-config="true" signature="testSetup()[pri:0, instance:com.playwright.saucedemo.testcases.ValidLoginTest@4e5ed836]" started-at="2024-05-30T09:53:08 IST" name="testSetup" finished-at="2024-05-30T09:53:19 IST" duration-ms="11002" status="PASS">
          <reporter-output>
          </reporter-output>
        </test-method> <!-- testSetup -->
        <test-method is-config="true" signature="homePageReload()[pri:0, instance:com.playwright.saucedemo.testcases.ValidLoginTest@4e5ed836]" started-at="2024-05-30T09:53:20 IST" name="homePageReload" finished-at="2024-05-30T09:53:20 IST" duration-ms="72" status="PASS">
          <reporter-output>
          </reporter-output>
        </test-method> <!-- homePageReload -->
        <test-method signature="passingValidCredentials(java.util.HashMap)[pri:0, instance:com.playwright.saucedemo.testcases.ValidLoginTest@4e5ed836]" started-at="2024-05-30T09:53:20 IST" name="passingValidCredentials" data-provider="getData" finished-at="2024-05-30T09:53:20 IST" duration-ms="194" status="PASS">
          <params>
            <param index="0">
              <value>
                <![CDATA[{password=secret_sauce, username=standard_user}]]>
              </value>
            </param>
          </params>
          <reporter-output>
          </reporter-output>
        </test-method> <!-- passingValidCredentials -->
        <test-method is-config="true" signature="homePageReload()[pri:0, instance:com.playwright.saucedemo.testcases.ValidLoginTest@4e5ed836]" started-at="2024-05-30T09:53:20 IST" name="homePageReload" finished-at="2024-05-30T09:53:20 IST" duration-ms="46" status="PASS">
          <reporter-output>
          </reporter-output>
        </test-method> <!-- homePageReload -->
        <test-method signature="passingValidCredentials(java.util.HashMap)[pri:0, instance:com.playwright.saucedemo.testcases.ValidLoginTest@4e5ed836]" started-at="2024-05-30T09:53:20 IST" name="passingValidCredentials" data-provider="getData" finished-at="2024-05-30T09:53:20 IST" duration-ms="126" status="PASS">
          <params>
            <param index="0">
              <value>
                <![CDATA[{password=secret_sauce, username=problem_user}]]>
              </value>
            </param>
          </params>
          <reporter-output>
          </reporter-output>
        </test-method> <!-- passingValidCredentials -->
        <test-method is-config="true" signature="homePageReload()[pri:0, instance:com.playwright.saucedemo.testcases.ValidLoginTest@4e5ed836]" started-at="2024-05-30T09:53:20 IST" name="homePageReload" finished-at="2024-05-30T09:53:20 IST" duration-ms="60" status="PASS">
          <reporter-output>
          </reporter-output>
        </test-method> <!-- homePageReload -->
        <test-method signature="passingValidCredentials(java.util.HashMap)[pri:0, instance:com.playwright.saucedemo.testcases.ValidLoginTest@4e5ed836]" started-at="2024-05-30T09:53:20 IST" name="passingValidCredentials" data-provider="getData" finished-at="2024-05-30T09:53:25 IST" duration-ms="5103" status="PASS">
          <params>
            <param index="0">
              <value>
                <![CDATA[{password=secret_sauce, username=performance_glitch_user}]]>
              </value>
            </param>
          </params>
          <reporter-output>
          </reporter-output>
        </test-method> <!-- passingValidCredentials -->
        <test-method is-config="true" signature="homePageReload()[pri:0, instance:com.playwright.saucedemo.testcases.ValidLoginTest@4e5ed836]" started-at="2024-05-30T09:53:25 IST" name="homePageReload" finished-at="2024-05-30T09:53:25 IST" duration-ms="41" status="PASS">
          <reporter-output>
          </reporter-output>
        </test-method> <!-- homePageReload -->
        <test-method signature="passingValidCredentials(java.util.HashMap)[pri:0, instance:com.playwright.saucedemo.testcases.ValidLoginTest@4e5ed836]" started-at="2024-05-30T09:53:25 IST" name="passingValidCredentials" data-provider="getData" finished-at="2024-05-30T09:53:26 IST" duration-ms="105" status="PASS">
          <params>
            <param index="0">
              <value>
                <![CDATA[{password=secret_sauce, username=visual_user}]]>
              </value>
            </param>
          </params>
          <reporter-output>
          </reporter-output>
        </test-method> <!-- passingValidCredentials -->
        <test-method is-config="true" signature="tearDown()[pri:0, instance:com.playwright.saucedemo.testcases.ValidLoginTest@4e5ed836]" started-at="2024-05-30T09:53:26 IST" name="tearDown" finished-at="2024-05-30T09:53:26 IST" duration-ms="365" status="PASS">
          <reporter-output>
          </reporter-output>
        </test-method> <!-- tearDown -->
      </class> <!-- com.playwright.saucedemo.testcases.ValidLoginTest -->
    </test> <!-- Default test -->
  </suite> <!-- Default suite -->
</testng-results>
