<?xml version="1.0" encoding="UTF-8"?>
<testng-results ignored="0" total="4" passed="4" failed="0" skipped="0">
  <reporter-output>
  </reporter-output>
  <suite started-at="2024-05-31T10:34:48 IST" name="Default suite" finished-at="2024-05-31T10:35:12 IST" duration-ms="23824">
    <groups>
    </groups>
    <test started-at="2024-05-31T10:34:48 IST" name="Default test" finished-at="2024-05-31T10:35:12 IST" duration-ms="23824">
      <class name="com.playwright.saucedemo.testcases.ValidLoginTest">
        <test-method is-config="true" signature="testSetup()[pri:0, instance:com.playwright.saucedemo.testcases.ValidLoginTest@4c163e3]" started-at="2024-05-31T10:34:48 IST" name="testSetup" finished-at="2024-05-31T10:35:05 IST" duration-ms="17249" status="PASS">
          <reporter-output>
          </reporter-output>
        </test-method> <!-- testSetup -->
        <test-method is-config="true" signature="homePageReload()[pri:0, instance:com.playwright.saucedemo.testcases.ValidLoginTest@4c163e3]" started-at="2024-05-31T10:35:06 IST" name="homePageReload" finished-at="2024-05-31T10:35:06 IST" duration-ms="67" status="PASS">
          <reporter-output>
          </reporter-output>
        </test-method> <!-- homePageReload -->
        <test-method signature="passingValidCredentials(java.util.HashMap)[pri:0, instance:com.playwright.saucedemo.testcases.ValidLoginTest@4c163e3]" started-at="2024-05-31T10:35:06 IST" name="passingValidCredentials" data-provider="getData" finished-at="2024-05-31T10:35:06 IST" duration-ms="205" status="PASS">
          <params>
            <param index="0">
              <value>
                <![CDATA[{password=secret_sauce, username=standard_user}]]>
              </value>
            </param>
          </params>
          <reporter-output>
          </reporter-output>
        </test-method> <!-- passingValidCredentials -->
        <test-method is-config="true" signature="homePageReload()[pri:0, instance:com.playwright.saucedemo.testcases.ValidLoginTest@4c163e3]" started-at="2024-05-31T10:35:06 IST" name="homePageReload" finished-at="2024-05-31T10:35:06 IST" duration-ms="50" status="PASS">
          <reporter-output>
          </reporter-output>
        </test-method> <!-- homePageReload -->
        <test-method signature="passingValidCredentials(java.util.HashMap)[pri:0, instance:com.playwright.saucedemo.testcases.ValidLoginTest@4c163e3]" started-at="2024-05-31T10:35:06 IST" name="passingValidCredentials" data-provider="getData" finished-at="2024-05-31T10:35:06 IST" duration-ms="114" status="PASS">
          <params>
            <param index="0">
              <value>
                <![CDATA[{password=secret_sauce, username=problem_user}]]>
              </value>
            </param>
          </params>
          <reporter-output>
          </reporter-output>
        </test-method> <!-- passingValidCredentials -->
        <test-method is-config="true" signature="homePageReload()[pri:0, instance:com.playwright.saucedemo.testcases.ValidLoginTest@4c163e3]" started-at="2024-05-31T10:35:06 IST" name="homePageReload" finished-at="2024-05-31T10:35:06 IST" duration-ms="64" status="PASS">
          <reporter-output>
          </reporter-output>
        </test-method> <!-- homePageReload -->
        <test-method signature="passingValidCredentials(java.util.HashMap)[pri:0, instance:com.playwright.saucedemo.testcases.ValidLoginTest@4c163e3]" started-at="2024-05-31T10:35:06 IST" name="passingValidCredentials" data-provider="getData" finished-at="2024-05-31T10:35:11 IST" duration-ms="5109" status="PASS">
          <params>
            <param index="0">
              <value>
                <![CDATA[{password=secret_sauce, username=performance_glitch_user}]]>
              </value>
            </param>
          </params>
          <reporter-output>
          </reporter-output>
        </test-method> <!-- passingValidCredentials -->
        <test-method is-config="true" signature="homePageReload()[pri:0, instance:com.playwright.saucedemo.testcases.ValidLoginTest@4c163e3]" started-at="2024-05-31T10:35:11 IST" name="homePageReload" finished-at="2024-05-31T10:35:11 IST" duration-ms="65" status="PASS">
          <reporter-output>
          </reporter-output>
        </test-method> <!-- homePageReload -->
        <test-method signature="passingValidCredentials(java.util.HashMap)[pri:0, instance:com.playwright.saucedemo.testcases.ValidLoginTest@4c163e3]" started-at="2024-05-31T10:35:11 IST" name="passingValidCredentials" data-provider="getData" finished-at="2024-05-31T10:35:12 IST" duration-ms="113" status="PASS">
          <params>
            <param index="0">
              <value>
                <![CDATA[{password=secret_sauce, username=visual_user}]]>
              </value>
            </param>
          </params>
          <reporter-output>
          </reporter-output>
        </test-method> <!-- passingValidCredentials -->
        <test-method is-config="true" signature="tearDown()[pri:0, instance:com.playwright.saucedemo.testcases.ValidLoginTest@4c163e3]" started-at="2024-05-31T10:35:12 IST" name="tearDown" finished-at="2024-05-31T10:35:12 IST" duration-ms="303" status="PASS">
          <reporter-output>
          </reporter-output>
        </test-method> <!-- tearDown -->
      </class> <!-- com.playwright.saucedemo.testcases.ValidLoginTest -->
    </test> <!-- Default test -->
  </suite> <!-- Default suite -->
</testng-results>
